<?xml version="1.0" encoding="UTF-8"?>
<!-- Generated by org.testng.reporters.JUnitReportReporter -->
<testsuite hostname="L900253" name="com.salesforce.selenium.SampleTest" tests="1" failures="0" timestamp="23 May 2017 10:50:33 GMT" time="10.698" errors="0">
  <testcase name="test" time="10.698" classname="com.salesforce.selenium.SampleTest"/>
</testsuite> <!-- com.salesforce.selenium.SampleTest -->
