<?xml version="1.0" encoding="UTF-8"?>
<!-- Generated by org.testng.reporters.JUnitReportReporter -->
<testsuite hostname="L900253" name="com.salesforce.selenium.SampleTest" tests="1" failures="0" timestamp="19 May 2017 11:59:56 GMT" time="11.733" errors="0">
  <testcase name="test" time="11.733" classname="com.salesforce.selenium.SampleTest"/>
</testsuite> <!-- com.salesforce.selenium.SampleTest -->
